d:\sunjiang\cpp code\matrix\x64\debug\vc143.pdb
d:\sunjiang\cpp code\matrix\x64\debug\vc143.idb
d:\sunjiang\cpp code\matrix\x64\debug\test_slove.obj
d:\sunjiang\cpp code\matrix\x64\debug\solveucsr.obj
d:\sunjiang\cpp code\matrix\x64\debug\solvelcsr.obj
d:\sunjiang\cpp code\matrix\x64\debug\bicgstab.obj
d:\sunjiang\cpp code\matrix\x64\debug\information.obj
d:\sunjiang\cpp code\matrix\x64\debug\vector.obj
d:\sunjiang\cpp code\matrix\x64\debug\memory.obj
d:\sunjiang\cpp code\matrix\x64\debug\dscal.obj
d:\sunjiang\cpp code\matrix\x64\debug\dnorm.obj
d:\sunjiang\cpp code\matrix\x64\debug\dgemvcsr.obj
d:\sunjiang\cpp code\matrix\x64\debug\ddot.obj
d:\sunjiang\cpp code\matrix\x64\debug\dcopy.obj
d:\sunjiang\cpp code\matrix\x64\debug\daxpbycsr.obj
d:\sunjiang\cpp code\matrix\x64\debug\daxpby.obj
d:\sunjiang\cpp code\matrix\x64\debug\csrmatrix.obj
d:\sunjiang\cpp code\matrix\x64\debug\matrix.exe
d:\sunjiang\cpp code\matrix\x64\debug\matrix.ilk
d:\sunjiang\cpp code\matrix\x64\debug\matrix.pdb
d:\sunjiang\cpp code\matrix\x64\debug\matrix.tlog\cl.command.1.tlog
d:\sunjiang\cpp code\matrix\x64\debug\matrix.tlog\cl.read.1.tlog
d:\sunjiang\cpp code\matrix\x64\debug\matrix.tlog\cl.write.1.tlog
d:\sunjiang\cpp code\matrix\x64\debug\matrix.tlog\link.command.1.tlog
d:\sunjiang\cpp code\matrix\x64\debug\matrix.tlog\link.read.1.tlog
d:\sunjiang\cpp code\matrix\x64\debug\matrix.tlog\link.write.1.tlog
